<?xml version="1.0" encoding="UTF-8"?>
<testsuite xmlns:xsi="http://www.w3.org/2001/XMLSchema-instance" xsi:noNamespaceSchemaLocation="https://maven.apache.org/surefire/maven-surefire-plugin/xsd/surefire-test-report-3.0.xsd" version="3.0" name="com.codebuddy.VideocallApplicationTests" time="4.841" tests="1" errors="0" skipped="0" failures="0">
  <properties>
[...]
</properties>
  <testcase name="contextLoads" classname="com.codebuddy.VideocallApplicationTests" time="1.151">
    <system-out><![CDATA[23:26:09.138 [main] INFO org.springframework.test.context.support.AnnotationConfigContextLoaderUtils -- Could not detect default configuration classes for test class [com.codebuddy.VideocallApplicationTests]: VideocallApplicationTests does not declare any static, non-private, non-final, nested classes annotated with @Configuration.
23:26:09.318 [main] INFO org.springframework.boot.test.context.SpringBootTestContextBootstrapper -- Found @SpringBootConfiguration com.codebuddy.VideocallApplication for test class com.codebuddy.VideocallApplicationTests
23:26:09.619 [main] INFO org.springframework.boot.devtools.restart.RestartApplicationListener -- Restart disabled due to context in which it is running

  .   ____          _            __ _ _
 /\\ / ___'_ __ _ _(_)_ __  __ _ \ \ \ \
( ( )\___ | '_ | '_| | '_ \/ _` | \ \ \ \
 \\/  ___)| |_)| | | | | || (_| |  ) ) ) )
  '  |____| .__|_| |_|_| |_\__, | / / / /
 =========|_|==============|___/=/_/_/_/

 :: Spring Boot ::                (v3.3.2)

2024-11-08T23:26:10.278+05:30  INFO 10852 --- [videocall] [           main] c.codebuddy.VideocallApplicationTests    : Starting VideocallApplicationTests using Java 22 with PID 10852 (started by Ganesh Kokate in D:\videocall)
2024-11-08T23:26:10.280+05:30  INFO 10852 --- [videocall] [           main] c.codebuddy.VideocallApplicationTests    : No active profile set, falling back to 1 default profile: "default"
2024-11-08T23:26:11.616+05:30  INFO 10852 --- [videocall] [           main] c.c.socketio.SocketIOServer              : Session store / pubsub factory used: MemoryStoreFactory (local session store only)
2024-11-08T23:26:11.893+05:30  INFO 10852 --- [videocall] [ntLoopGroup-2-1] c.c.socketio.SocketIOServer              : SocketIO server started at port: 8000
2024-11-08T23:26:12.147+05:30  INFO 10852 --- [videocall] [           main] o.s.b.a.w.s.WelcomePageHandlerMapping    : Adding welcome page: class path resource [static/index.html]
2024-11-08T23:26:12.529+05:30  INFO 10852 --- [videocall] [           main] c.codebuddy.VideocallApplicationTests    : Started VideocallApplicationTests in 2.937 seconds (process running for 4.571)
]]></system-out>
    <system-err><![CDATA[WARNING: A Java agent has been loaded dynamically (C:\Users\Ganesh Kokate\.m2\repository\net\bytebuddy\byte-buddy-agent\1.14.18\byte-buddy-agent-1.14.18.jar)
WARNING: If a serviceability tool is in use, please run with -XX:+EnableDynamicAgentLoading to hide this warning
WARNING: If a serviceability tool is not in use, please run with -Djdk.instrument.traceUsage for more information
WARNING: Dynamic loading of agents will be disallowed by default in a future release
]]></system-err>
  </testcase>
</testsuite>